<?xml version="1.0" encoding="UTF-8"?>
<testng-results ignored="0" total="5" passed="5" failed="0" skipped="0">
  <reporter-output>
  </reporter-output>
  <suite started-at="2020-08-06T11:34:15 PDT" name="ParallelRun" finished-at="2020-08-06T11:35:07 PDT" duration-ms="52591">
    <groups>
    </groups>
    <test started-at="2020-08-06T11:34:15 PDT" name="parallel" finished-at="2020-08-06T11:35:07 PDT" duration-ms="52591">
      <class name="com.TekArc.Framework.frameWork_testCases.CreatAccTestNg">
        <test-method is-config="true" signature="InitializeDriver()[pri:0, instance:com.TekArc.Framework.frameWork_testCases.CreatAccTestNg@1f59a598]" started-at="2020-08-06T11:34:15 PDT" name="InitializeDriver" finished-at="2020-08-06T11:34:19 PDT" duration-ms="4066" status="PASS">
          <reporter-output>
          </reporter-output>
        </test-method> <!-- InitializeDriver -->
        <test-method is-config="true" signature="InitializeReport()[pri:0, instance:com.TekArc.Framework.frameWork_testCases.CreatAccTestNg@1f59a598]" started-at="2020-08-06T11:34:19 PDT" name="InitializeReport" finished-at="2020-08-06T11:34:19 PDT" duration-ms="159" status="PASS">
          <reporter-output>
          </reporter-output>
        </test-method> <!-- InitializeReport -->
        <test-method is-config="true" signature="waitmethod()[pri:0, instance:com.TekArc.Framework.frameWork_testCases.CreatAccTestNg@1f59a598]" started-at="2020-08-06T11:34:19 PDT" name="waitmethod" finished-at="2020-08-06T11:34:19 PDT" duration-ms="7" status="PASS">
          <reporter-output>
          </reporter-output>
        </test-method> <!-- waitmethod -->
        <test-method signature="salesforce_TC10()[pri:0, instance:com.TekArc.Framework.frameWork_testCases.CreatAccTestNg@1f59a598]" started-at="2020-08-06T11:34:24 PDT" name="salesforce_TC10" finished-at="2020-08-06T11:34:47 PDT" duration-ms="23832" status="PASS">
          <reporter-output>
          </reporter-output>
        </test-method> <!-- salesforce_TC10 -->
        <test-method signature="salesforce_TC11()[pri:0, instance:com.TekArc.Framework.frameWork_testCases.CreatAccTestNg@1f59a598]" started-at="2020-08-06T11:34:47 PDT" name="salesforce_TC11" finished-at="2020-08-06T11:35:07 PDT" duration-ms="20013" status="PASS">
          <reporter-output>
          </reporter-output>
        </test-method> <!-- salesforce_TC11 -->
        <test-method is-config="true" signature="CloseReport()[pri:0, instance:com.TekArc.Framework.frameWork_testCases.CreatAccTestNg@1f59a598]" started-at="2020-08-06T11:35:07 PDT" name="CloseReport" finished-at="2020-08-06T11:35:08 PDT" duration-ms="224" status="PASS">
          <reporter-output>
          </reporter-output>
        </test-method> <!-- CloseReport -->
      </class> <!-- com.TekArc.Framework.frameWork_testCases.CreatAccTestNg -->
      <class name="com.TekArc.Framework.frameWork_testCases.SFDCtestNg">
        <test-method is-config="true" signature="InitializeDriver()[pri:0, instance:com.TekArc.Framework.frameWork_testCases.SFDCtestNg@7ee8290b]" started-at="2020-08-06T11:34:19 PDT" name="InitializeDriver" finished-at="2020-08-06T11:34:24 PDT" duration-ms="4472" status="PASS">
          <reporter-output>
          </reporter-output>
        </test-method> <!-- InitializeDriver -->
        <test-method is-config="true" signature="InitializeReport()[pri:0, instance:com.TekArc.Framework.frameWork_testCases.SFDCtestNg@7ee8290b]" started-at="2020-08-06T11:34:24 PDT" name="InitializeReport" finished-at="2020-08-06T11:34:24 PDT" duration-ms="3" status="PASS">
          <reporter-output>
          </reporter-output>
        </test-method> <!-- InitializeReport -->
        <test-method is-config="true" signature="waitmethod()[pri:0, instance:com.TekArc.Framework.frameWork_testCases.SFDCtestNg@7ee8290b]" started-at="2020-08-06T11:34:24 PDT" name="waitmethod" finished-at="2020-08-06T11:34:24 PDT" duration-ms="4" status="PASS">
          <reporter-output>
          </reporter-output>
        </test-method> <!-- waitmethod -->
        <test-method signature="salesforce_TC1()[pri:0, instance:com.TekArc.Framework.frameWork_testCases.SFDCtestNg@7ee8290b]" started-at="2020-08-06T11:34:24 PDT" name="salesforce_TC1" finished-at="2020-08-06T11:34:32 PDT" duration-ms="8094" status="PASS">
          <reporter-output>
          </reporter-output>
        </test-method> <!-- salesforce_TC1 -->
        <test-method signature="salesforce_TC4A()[pri:0, instance:com.TekArc.Framework.frameWork_testCases.SFDCtestNg@7ee8290b]" started-at="2020-08-06T11:34:32 PDT" name="salesforce_TC4A" finished-at="2020-08-06T11:34:51 PDT" duration-ms="19696" status="PASS">
          <reporter-output>
          </reporter-output>
        </test-method> <!-- salesforce_TC4A -->
        <test-method signature="salesforce_TC5()[pri:0, instance:com.TekArc.Framework.frameWork_testCases.SFDCtestNg@7ee8290b]" started-at="2020-08-06T11:34:51 PDT" name="salesforce_TC5" finished-at="2020-08-06T11:34:59 PDT" duration-ms="7331" status="PASS">
          <reporter-output>
          </reporter-output>
        </test-method> <!-- salesforce_TC5 -->
        <test-method is-config="true" signature="CloseReport()[pri:0, instance:com.TekArc.Framework.frameWork_testCases.SFDCtestNg@7ee8290b]" started-at="2020-08-06T11:35:08 PDT" name="CloseReport" finished-at="2020-08-06T11:35:08 PDT" duration-ms="54" status="PASS">
          <reporter-output>
          </reporter-output>
        </test-method> <!-- CloseReport -->
      </class> <!-- com.TekArc.Framework.frameWork_testCases.SFDCtestNg -->
    </test> <!-- parallel -->
  </suite> <!-- ParallelRun -->
</testng-results>
