<?xml version="1.0" encoding="UTF-8"?>
<testsuite xmlns:xsi="http://www.w3.org/2001/XMLSchema-instance" xsi:noNamespaceSchemaLocation="https://maven.apache.org/surefire/maven-surefire-plugin/xsd/surefire-test-report.xsd" name="TestSuite" time="53.366" tests="5" errors="0" skipped="0" failures="0">
  <properties>
[...]
</properties>
  <testcase name="salesforce_TC1" classname="com.TekArc.Framework.frameWork_testCases.SFDCtestNg" time="8.103"/>
  <testcase name="salesforce_TC10" classname="com.TekArc.Framework.frameWork_testCases.CreatAccTestNg" time="15.727"/>
  <testcase name="salesforce_TC4A" classname="com.TekArc.Framework.frameWork_testCases.SFDCtestNg" time="3.965"/>
  <testcase name="salesforce_TC5" classname="com.TekArc.Framework.frameWork_testCases.SFDCtestNg" time="7.332"/>
  <testcase name="salesforce_TC11" classname="com.TekArc.Framework.frameWork_testCases.CreatAccTestNg" time="16.048"/>
</testsuite>