<?xml version="1.0" encoding="UTF-8"?>
<!-- Generated by org.testng.reporters.JUnitXMLReporter -->
<testsuite ignored="0" hostname="LAPTOP-KTH72RIV" failures="0" tests="5" name="parallel" time="52.591" errors="0" timestamp="2020-08-06T11:35:07 PDT">
  <testcase classname="com.TekArc.Framework.frameWork_testCases.SFDCtestNg" name="salesforce_TC1" time="8.094"/>
  <testcase classname="com.TekArc.Framework.frameWork_testCases.CreatAccTestNg" name="salesforce_TC10" time="23.832"/>
  <testcase classname="com.TekArc.Framework.frameWork_testCases.SFDCtestNg" name="salesforce_TC4A" time="19.696"/>
  <testcase classname="com.TekArc.Framework.frameWork_testCases.SFDCtestNg" name="salesforce_TC5" time="7.331"/>
  <testcase classname="com.TekArc.Framework.frameWork_testCases.CreatAccTestNg" name="salesforce_TC11" time="20.013"/>
</testsuite> <!-- parallel -->
